<?xml version="1.0" encoding="UTF-8"?>
<testsuite xmlns:xsi="http://www.w3.org/2001/XMLSchema-instance" xsi:noNamespaceSchemaLocation="https://maven.apache.org/surefire/maven-surefire-plugin/xsd/surefire-test-report-3.0.xsd" version="3.0" name="TestSuite" time="103.285" tests="10" errors="0" skipped="0" failures="1">
  <properties>
    <property name="java.specification.version" value="13"/>
    <property name="webdriver.chrome.driver" value="../Generic/BrowserDriver/mac/chromedriver"/>
    <property name="sun.jnu.encoding" value="UTF-8"/>
    <property name="java.class.path" value="/Users/kahinaayouni/IdeaProjects/PracticeMaven/Delta_Airline/target/test-classes:/Users/kahinaayouni/IdeaProjects/PracticeMaven/Delta_Airline/target/classes:/Users/kahinaayouni/IdeaProjects/PracticeMaven/Generic/target/classes:/Users/kahinaayouni/.m2/repository/org/seleniumhq/selenium/selenium-java/3.141.59/selenium-java-3.141.59.jar:/Users/kahinaayouni/.m2/repository/org/seleniumhq/selenium/selenium-api/3.141.59/selenium-api-3.141.59.jar:/Users/kahinaayouni/.m2/repository/org/seleniumhq/selenium/selenium-chrome-driver/3.141.59/selenium-chrome-driver-3.141.59.jar:/Users/kahinaayouni/.m2/repository/org/seleniumhq/selenium/selenium-edge-driver/3.141.59/selenium-edge-driver-3.141.59.jar:/Users/kahinaayouni/.m2/repository/org/seleniumhq/selenium/selenium-firefox-driver/3.141.59/selenium-firefox-driver-3.141.59.jar:/Users/kahinaayouni/.m2/repository/org/seleniumhq/selenium/selenium-ie-driver/3.141.59/selenium-ie-driver-3.141.59.jar:/Users/kahinaayouni/.m2/repository/org/seleniumhq/selenium/selenium-opera-driver/3.141.59/selenium-opera-driver-3.141.59.jar:/Users/kahinaayouni/.m2/repository/org/seleniumhq/selenium/selenium-remote-driver/3.141.59/selenium-remote-driver-3.141.59.jar:/Users/kahinaayouni/.m2/repository/org/seleniumhq/selenium/selenium-safari-driver/3.141.59/selenium-safari-driver-3.141.59.jar:/Users/kahinaayouni/.m2/repository/org/seleniumhq/selenium/selenium-support/3.141.59/selenium-support-3.141.59.jar:/Users/kahinaayouni/.m2/repository/net/bytebuddy/byte-buddy/1.8.15/byte-buddy-1.8.15.jar:/Users/kahinaayouni/.m2/repository/org/apache/commons/commons-exec/1.3/commons-exec-1.3.jar:/Users/kahinaayouni/.m2/repository/com/google/guava/guava/25.0-jre/guava-25.0-jre.jar:/Users/kahinaayouni/.m2/repository/com/google/code/findbugs/jsr305/1.3.9/jsr305-1.3.9.jar:/Users/kahinaayouni/.m2/repository/org/checkerframework/checker-compat-qual/2.0.0/checker-compat-qual-2.0.0.jar:/Users/kahinaayouni/.m2/repository/com/google/errorprone/error_prone_annotations/2.1.3/error_prone_annotations-2.1.3.jar:/Users/kahinaayouni/.m2/repository/com/google/j2objc/j2objc-annotations/1.1/j2objc-annotations-1.1.jar:/Users/kahinaayouni/.m2/repository/org/codehaus/mojo/animal-sniffer-annotations/1.14/animal-sniffer-annotations-1.14.jar:/Users/kahinaayouni/.m2/repository/com/squareup/okhttp3/okhttp/3.11.0/okhttp-3.11.0.jar:/Users/kahinaayouni/.m2/repository/com/squareup/okio/okio/1.14.0/okio-1.14.0.jar:/Users/kahinaayouni/.m2/repository/org/seleniumhq/selenium/selenium-server/3.141.59/selenium-server-3.141.59.jar:/Users/kahinaayouni/.m2/repository/com/beust/jcommander/1.72/jcommander-1.72.jar:/Users/kahinaayouni/.m2/repository/net/jcip/jcip-annotations/1.0/jcip-annotations-1.0.jar:/Users/kahinaayouni/.m2/repository/org/seleniumhq/selenium/jetty-repacked/9.4.12.v20180830/jetty-repacked-9.4.12.v20180830.jar:/Users/kahinaayouni/.m2/repository/javax/servlet/javax.servlet-api/3.1.0/javax.servlet-api-3.1.0.jar:/Users/kahinaayouni/.m2/repository/org/yaml/snakeyaml/1.19/snakeyaml-1.19.jar:/Users/kahinaayouni/.m2/repository/org/testng/testng/7.1.0/testng-7.1.0.jar:/Users/kahinaayouni/.m2/repository/com/google/inject/guice/4.1.0/guice-4.1.0-no_aop.jar:/Users/kahinaayouni/.m2/repository/javax/inject/javax.inject/1/javax.inject-1.jar:/Users/kahinaayouni/.m2/repository/aopalliance/aopalliance/1.0/aopalliance-1.0.jar:/Users/kahinaayouni/.m2/repository/org/mongodb/mongo-java-driver/3.12.4/mongo-java-driver-3.12.4.jar:/Users/kahinaayouni/.m2/repository/mysql/mysql-connector-java/8.0.20/mysql-connector-java-8.0.20.jar:/Users/kahinaayouni/.m2/repository/com/google/protobuf/protobuf-java/3.6.1/protobuf-java-3.6.1.jar:/Users/kahinaayouni/.m2/repository/org/apache/poi/poi/4.1.2/poi-4.1.2.jar:/Users/kahinaayouni/.m2/repository/commons-codec/commons-codec/1.13/commons-codec-1.13.jar:/Users/kahinaayouni/.m2/repository/org/apache/commons/commons-collections4/4.4/commons-collections4-4.4.jar:/Users/kahinaayouni/.m2/repository/org/apache/commons/commons-math3/3.6.1/commons-math3-3.6.1.jar:/Users/kahinaayouni/.m2/repository/com/zaxxer/SparseBitSet/1.2/SparseBitSet-1.2.jar:/Users/kahinaayouni/.m2/repository/org/apache/poi/poi-ooxml/4.1.2/poi-ooxml-4.1.2.jar:/Users/kahinaayouni/.m2/repository/org/apache/poi/poi-ooxml-schemas/4.1.2/poi-ooxml-schemas-4.1.2.jar:/Users/kahinaayouni/.m2/repository/org/apache/xmlbeans/xmlbeans/3.1.0/xmlbeans-3.1.0.jar:/Users/kahinaayouni/.m2/repository/org/apache/commons/commons-compress/1.19/commons-compress-1.19.jar:/Users/kahinaayouni/.m2/repository/com/github/virtuald/curvesapi/1.06/curvesapi-1.06.jar:/Users/kahinaayouni/.m2/repository/com/aventstack/extentreports/4.1.5/extentreports-4.1.5.jar:/Users/kahinaayouni/.m2/repository/org/freemarker/freemarker/2.3.29/freemarker-2.3.29.jar:/Users/kahinaayouni/.m2/repository/org/apache/httpcomponents/httpclient/4.5.2/httpclient-4.5.2.jar:/Users/kahinaayouni/.m2/repository/org/apache/httpcomponents/httpcore/4.4.4/httpcore-4.4.4.jar:/Users/kahinaayouni/.m2/repository/commons-logging/commons-logging/1.2/commons-logging-1.2.jar:/Users/kahinaayouni/.m2/repository/org/apache/httpcomponents/httpmime/4.5.2/httpmime-4.5.2.jar:/Users/kahinaayouni/.m2/repository/com/google/code/gson/gson/2.8.6/gson-2.8.6.jar:/Users/kahinaayouni/.m2/repository/org/mongodb/mongodb-driver/3.12.0/mongodb-driver-3.12.0.jar:/Users/kahinaayouni/.m2/repository/org/mongodb/mongodb-driver-core/3.12.0/mongodb-driver-core-3.12.0.jar:/Users/kahinaayouni/.m2/repository/org/mongodb/bson/3.12.0/bson-3.12.0.jar:/Users/kahinaayouni/.m2/repository/com/relevantcodes/extentreports/2.41.2/extentreports-2.41.2.jar:/Users/kahinaayouni/.m2/repository/org/jsoup/jsoup/1.8.3/jsoup-1.8.3.jar:/Users/kahinaayouni/.m2/repository/org/xerial/sqlite-jdbc/3.8.11.1/sqlite-jdbc-3.8.11.1.jar:/Users/kahinaayouni/.m2/repository/org/apache/commons/commons-lang3/3.10/commons-lang3-3.10.jar:/Users/kahinaayouni/.m2/repository/commons-io/commons-io/2.7/commons-io-2.7.jar:"/>
    <property name="java.vm.vendor" value="Oracle Corporation"/>
    <property name="sun.arch.data.model" value="64"/>
    <property name="java.vendor.url" value="https://openjdk.java.net/"/>
    <property name="user.timezone" value="America/New_York"/>
    <property name="os.name" value="Mac OS X"/>
    <property name="java.vm.specification.version" value="13"/>
    <property name="sun.java.launcher" value="SUN_STANDARD"/>
    <property name="user.country" value="US"/>
    <property name="sun.boot.library.path" value="/usr/local/Cellar/openjdk/13.0.2+8_2/libexec/openjdk.jdk/Contents/Home/lib"/>
    <property name="sun.java.command" value="/Users/kahinaayouni/IdeaProjects/PracticeMaven/Delta_Airline/target/surefire/surefirebooter9899177614713094739.jar /Users/kahinaayouni/IdeaProjects/PracticeMaven/Delta_Airline/target/surefire 2020-06-13T21-40-08_181-jvmRun1 surefire9439195061464923590tmp surefire_1275183325326642904tmp"/>
    <property name="http.nonProxyHosts" value="local|*.local|169.254/16|*.169.254/16"/>
    <property name="jdk.debug" value="release"/>
    <property name="surefire.test.class.path" value="/Users/kahinaayouni/IdeaProjects/PracticeMaven/Delta_Airline/target/test-classes:/Users/kahinaayouni/IdeaProjects/PracticeMaven/Delta_Airline/target/classes:/Users/kahinaayouni/IdeaProjects/PracticeMaven/Generic/target/classes:/Users/kahinaayouni/.m2/repository/org/seleniumhq/selenium/selenium-java/3.141.59/selenium-java-3.141.59.jar:/Users/kahinaayouni/.m2/repository/org/seleniumhq/selenium/selenium-api/3.141.59/selenium-api-3.141.59.jar:/Users/kahinaayouni/.m2/repository/org/seleniumhq/selenium/selenium-chrome-driver/3.141.59/selenium-chrome-driver-3.141.59.jar:/Users/kahinaayouni/.m2/repository/org/seleniumhq/selenium/selenium-edge-driver/3.141.59/selenium-edge-driver-3.141.59.jar:/Users/kahinaayouni/.m2/repository/org/seleniumhq/selenium/selenium-firefox-driver/3.141.59/selenium-firefox-driver-3.141.59.jar:/Users/kahinaayouni/.m2/repository/org/seleniumhq/selenium/selenium-ie-driver/3.141.59/selenium-ie-driver-3.141.59.jar:/Users/kahinaayouni/.m2/repository/org/seleniumhq/selenium/selenium-opera-driver/3.141.59/selenium-opera-driver-3.141.59.jar:/Users/kahinaayouni/.m2/repository/org/seleniumhq/selenium/selenium-remote-driver/3.141.59/selenium-remote-driver-3.141.59.jar:/Users/kahinaayouni/.m2/repository/org/seleniumhq/selenium/selenium-safari-driver/3.141.59/selenium-safari-driver-3.141.59.jar:/Users/kahinaayouni/.m2/repository/org/seleniumhq/selenium/selenium-support/3.141.59/selenium-support-3.141.59.jar:/Users/kahinaayouni/.m2/repository/net/bytebuddy/byte-buddy/1.8.15/byte-buddy-1.8.15.jar:/Users/kahinaayouni/.m2/repository/org/apache/commons/commons-exec/1.3/commons-exec-1.3.jar:/Users/kahinaayouni/.m2/repository/com/google/guava/guava/25.0-jre/guava-25.0-jre.jar:/Users/kahinaayouni/.m2/repository/com/google/code/findbugs/jsr305/1.3.9/jsr305-1.3.9.jar:/Users/kahinaayouni/.m2/repository/org/checkerframework/checker-compat-qual/2.0.0/checker-compat-qual-2.0.0.jar:/Users/kahinaayouni/.m2/repository/com/google/errorprone/error_prone_annotations/2.1.3/error_prone_annotations-2.1.3.jar:/Users/kahinaayouni/.m2/repository/com/google/j2objc/j2objc-annotations/1.1/j2objc-annotations-1.1.jar:/Users/kahinaayouni/.m2/repository/org/codehaus/mojo/animal-sniffer-annotations/1.14/animal-sniffer-annotations-1.14.jar:/Users/kahinaayouni/.m2/repository/com/squareup/okhttp3/okhttp/3.11.0/okhttp-3.11.0.jar:/Users/kahinaayouni/.m2/repository/com/squareup/okio/okio/1.14.0/okio-1.14.0.jar:/Users/kahinaayouni/.m2/repository/org/seleniumhq/selenium/selenium-server/3.141.59/selenium-server-3.141.59.jar:/Users/kahinaayouni/.m2/repository/com/beust/jcommander/1.72/jcommander-1.72.jar:/Users/kahinaayouni/.m2/repository/net/jcip/jcip-annotations/1.0/jcip-annotations-1.0.jar:/Users/kahinaayouni/.m2/repository/org/seleniumhq/selenium/jetty-repacked/9.4.12.v20180830/jetty-repacked-9.4.12.v20180830.jar:/Users/kahinaayouni/.m2/repository/javax/servlet/javax.servlet-api/3.1.0/javax.servlet-api-3.1.0.jar:/Users/kahinaayouni/.m2/repository/org/yaml/snakeyaml/1.19/snakeyaml-1.19.jar:/Users/kahinaayouni/.m2/repository/org/testng/testng/7.1.0/testng-7.1.0.jar:/Users/kahinaayouni/.m2/repository/com/google/inject/guice/4.1.0/guice-4.1.0-no_aop.jar:/Users/kahinaayouni/.m2/repository/javax/inject/javax.inject/1/javax.inject-1.jar:/Users/kahinaayouni/.m2/repository/aopalliance/aopalliance/1.0/aopalliance-1.0.jar:/Users/kahinaayouni/.m2/repository/org/mongodb/mongo-java-driver/3.12.4/mongo-java-driver-3.12.4.jar:/Users/kahinaayouni/.m2/repository/mysql/mysql-connector-java/8.0.20/mysql-connector-java-8.0.20.jar:/Users/kahinaayouni/.m2/repository/com/google/protobuf/protobuf-java/3.6.1/protobuf-java-3.6.1.jar:/Users/kahinaayouni/.m2/repository/org/apache/poi/poi/4.1.2/poi-4.1.2.jar:/Users/kahinaayouni/.m2/repository/commons-codec/commons-codec/1.13/commons-codec-1.13.jar:/Users/kahinaayouni/.m2/repository/org/apache/commons/commons-collections4/4.4/commons-collections4-4.4.jar:/Users/kahinaayouni/.m2/repository/org/apache/commons/commons-math3/3.6.1/commons-math3-3.6.1.jar:/Users/kahinaayouni/.m2/repository/com/zaxxer/SparseBitSet/1.2/SparseBitSet-1.2.jar:/Users/kahinaayouni/.m2/repository/org/apache/poi/poi-ooxml/4.1.2/poi-ooxml-4.1.2.jar:/Users/kahinaayouni/.m2/repository/org/apache/poi/poi-ooxml-schemas/4.1.2/poi-ooxml-schemas-4.1.2.jar:/Users/kahinaayouni/.m2/repository/org/apache/xmlbeans/xmlbeans/3.1.0/xmlbeans-3.1.0.jar:/Users/kahinaayouni/.m2/repository/org/apache/commons/commons-compress/1.19/commons-compress-1.19.jar:/Users/kahinaayouni/.m2/repository/com/github/virtuald/curvesapi/1.06/curvesapi-1.06.jar:/Users/kahinaayouni/.m2/repository/com/aventstack/extentreports/4.1.5/extentreports-4.1.5.jar:/Users/kahinaayouni/.m2/repository/org/freemarker/freemarker/2.3.29/freemarker-2.3.29.jar:/Users/kahinaayouni/.m2/repository/org/apache/httpcomponents/httpclient/4.5.2/httpclient-4.5.2.jar:/Users/kahinaayouni/.m2/repository/org/apache/httpcomponents/httpcore/4.4.4/httpcore-4.4.4.jar:/Users/kahinaayouni/.m2/repository/commons-logging/commons-logging/1.2/commons-logging-1.2.jar:/Users/kahinaayouni/.m2/repository/org/apache/httpcomponents/httpmime/4.5.2/httpmime-4.5.2.jar:/Users/kahinaayouni/.m2/repository/com/google/code/gson/gson/2.8.6/gson-2.8.6.jar:/Users/kahinaayouni/.m2/repository/org/mongodb/mongodb-driver/3.12.0/mongodb-driver-3.12.0.jar:/Users/kahinaayouni/.m2/repository/org/mongodb/mongodb-driver-core/3.12.0/mongodb-driver-core-3.12.0.jar:/Users/kahinaayouni/.m2/repository/org/mongodb/bson/3.12.0/bson-3.12.0.jar:/Users/kahinaayouni/.m2/repository/com/relevantcodes/extentreports/2.41.2/extentreports-2.41.2.jar:/Users/kahinaayouni/.m2/repository/org/jsoup/jsoup/1.8.3/jsoup-1.8.3.jar:/Users/kahinaayouni/.m2/repository/org/xerial/sqlite-jdbc/3.8.11.1/sqlite-jdbc-3.8.11.1.jar:/Users/kahinaayouni/.m2/repository/org/apache/commons/commons-lang3/3.10/commons-lang3-3.10.jar:/Users/kahinaayouni/.m2/repository/commons-io/commons-io/2.7/commons-io-2.7.jar:"/>
    <property name="sun.cpu.endian" value="little"/>
    <property name="user.home" value="/Users/kahinaayouni"/>
    <property name="user.language" value="en"/>
    <property name="java.specification.vendor" value="Oracle Corporation"/>
    <property name="java.version.date" value="2020-01-14"/>
    <property name="java.home" value="/usr/local/Cellar/openjdk/13.0.2+8_2/libexec/openjdk.jdk/Contents/Home"/>
    <property name="file.separator" value="/"/>
    <property name="basedir" value="/Users/kahinaayouni/IdeaProjects/PracticeMaven/Delta_Airline"/>
    <property name="java.vm.compressedOopsMode" value="Zero based"/>
    <property name="line.separator" value="&#10;"/>
    <property name="java.specification.name" value="Java Platform API Specification"/>
    <property name="java.vm.specification.vendor" value="Oracle Corporation"/>
    <property name="surefire.real.class.path" value="/Users/kahinaayouni/IdeaProjects/PracticeMaven/Delta_Airline/target/surefire/surefirebooter9899177614713094739.jar"/>
    <property name="sun.management.compiler" value="HotSpot 64-Bit Tiered Compilers"/>
    <property name="ftp.nonProxyHosts" value="local|*.local|169.254/16|*.169.254/16"/>
    <property name="java.runtime.version" value="13.0.2+8"/>
    <property name="user.name" value="kahinaayouni"/>
    <property name="path.separator" value=":"/>
    <property name="os.version" value="10.15.5"/>
    <property name="java.runtime.name" value="OpenJDK Runtime Environment"/>
    <property name="file.encoding" value="UTF-8"/>
    <property name="java.vm.name" value="OpenJDK 64-Bit Server VM"/>
    <property name="localRepository" value="/Users/kahinaayouni/.m2/repository"/>
    <property name="java.vendor.url.bug" value="https://bugreport.java.com/bugreport/"/>
    <property name="java.io.tmpdir" value="/var/folders/s2/jkfjw_0s03z7d3lyl_p14cdw0000gn/T/"/>
    <property name="java.version" value="13.0.2"/>
    <property name="user.dir" value="/Users/kahinaayouni/IdeaProjects/PracticeMaven/Delta_Airline"/>
    <property name="os.arch" value="x86_64"/>
    <property name="java.vm.specification.name" value="Java Virtual Machine Specification"/>
    <property name="java.library.path" value="/Users/kahinaayouni/Library/Java/Extensions:/Library/Java/Extensions:/Network/Library/Java/Extensions:/System/Library/Java/Extensions:/usr/lib/java:."/>
    <property name="java.vm.info" value="mixed mode, sharing"/>
    <property name="java.vendor" value="N/A"/>
    <property name="java.vm.version" value="13.0.2+8"/>
    <property name="sun.io.unicode.encoding" value="UnicodeBig"/>
    <property name="socksNonProxyHosts" value="local|*.local|169.254/16|*.169.254/16"/>
    <property name="java.class.version" value="57.0"/>
  </properties>
  <testcase name="testDeltaCarriersSearchPage" classname="hometest.Delta_AirlineHomeTest" time="3.212"/>
  <testcase name="testCheckNotifications" classname="hometest.Delta_AirlineHomeTest" time="3.774"/>
  <testcase name="testCheckFlightStatus" classname="hometest.Delta_AirlineHomeTest" time="5.2"/>
  <testcase name="testSearchButton" classname="hometest.Delta_AirlineHomeTest" time="3.037"/>
  <testcase name="testScrollDown" classname="hometest.Delta_AirlineHomeTest" time="32.327">
    <failure message="script timeout&#10;  (Session info: chrome=83.0.4103.97)&#10;Build info: version: &apos;3.141.59&apos;, revision: &apos;e82be7d358&apos;, time: &apos;2018-11-14T08:17:03&apos;&#10;System info: host: &apos;kahinas-MBP.fios-router.home&apos;, ip: &apos;fe80:0:0:0:1487:c375:8184:71ee%en0&apos;, os.name: &apos;Mac OS X&apos;, os.arch: &apos;x86_64&apos;, os.version: &apos;10.15.5&apos;, java.version: &apos;13.0.2&apos;&#10;Driver info: org.openqa.selenium.chrome.ChromeDriver&#10;Capabilities {acceptInsecureCerts: false, browserName: chrome, browserVersion: 83.0.4103.97, chrome: {chromedriverVersion: 83.0.4103.39 (ccbf011cb2d2b..., userDataDir: /var/folders/s2/jkfjw_0s03z...}, goog:chromeOptions: {debuggerAddress: localhost:49770}, javascriptEnabled: true, networkConnectionEnabled: false, pageLoadStrategy: normal, platform: MAC, platformName: MAC, proxy: Proxy(), setWindowRect: true, strictFileInteractability: false, timeouts: {implicit: 0, pageLoad: 300000, script: 30000}, unhandledPromptBehavior: dismiss and notify, webauthn:virtualAuthenticators: true}&#10;Session ID: d47a67ac55f030b8795b32bf2c8a729f" type="org.openqa.selenium.ScriptTimeoutException"><![CDATA[org.openqa.selenium.ScriptTimeoutException: 
script timeout
  (Session info: chrome=83.0.4103.97)
Build info: version: '3.141.59', revision: 'e82be7d358', time: '2018-11-14T08:17:03'
System info: host: 'kahinas-MBP.fios-router.home', ip: 'fe80:0:0:0:1487:c375:8184:71ee%en0', os.name: 'Mac OS X', os.arch: 'x86_64', os.version: '10.15.5', java.version: '13.0.2'
Driver info: org.openqa.selenium.chrome.ChromeDriver
Capabilities {acceptInsecureCerts: false, browserName: chrome, browserVersion: 83.0.4103.97, chrome: {chromedriverVersion: 83.0.4103.39 (ccbf011cb2d2b..., userDataDir: /var/folders/s2/jkfjw_0s03z...}, goog:chromeOptions: {debuggerAddress: localhost:49770}, javascriptEnabled: true, networkConnectionEnabled: false, pageLoadStrategy: normal, platform: MAC, platformName: MAC, proxy: Proxy(), setWindowRect: true, strictFileInteractability: false, timeouts: {implicit: 0, pageLoad: 300000, script: 30000}, unhandledPromptBehavior: dismiss and notify, webauthn:virtualAuthenticators: true}
Session ID: d47a67ac55f030b8795b32bf2c8a729f
	at hometest.Delta_AirlineHomeTest.testScrollDown(Delta_AirlineHomeTest.java:38)
]]></failure>
    <system-err><![CDATA[Starting ChromeDriver 83.0.4103.39 (ccbf011cb2d2b19b506d844400483861342c20cd-refs/branch-heads/4103@{#416}) on port 33866
Only local connections are allowed.
Please see https://chromedriver.chromium.org/security-considerations for suggestions on keeping ChromeDriver safe.
ChromeDriver was started successfully.
Jun 13, 2020 9:40:36 PM org.openqa.selenium.remote.ProtocolHandshake createSession
INFO: Detected dialect: W3C
]]></system-err>
  </testcase>
  <testcase name="testGetTextFromWebElements" classname="hometest.Delta_AirlineHomeTest" time="10.5"/>
  <testcase name="testUseMouseHover" classname="hometest.Delta_AirlineHomeTest" time="4.988"/>
  <testcase name="testHandleAlertPage" classname="hometest.Delta_AirlineHomeTest" time="1.159"/>
  <testcase name="testUseCheckBoxButton" classname="hometest.Delta_AirlineHomeTest" time="2.998"/>
  <testcase name="testReadDeltaLogoImage" classname="hometest.Delta_AirlineHomeTest" time="1.139"/>
</testsuite>